<?xml version="1.0" encoding="UTF-8"?>
<!-- Generated by org.testng.reporters.JUnitReportReporter -->
<testsuite skipped="0" hostname="DESKTOP-9FOQQA1" name="TestSample.DifferentWaysPostReq" tests="1" failures="0" timestamp="11 May 2025 04:13:00 GMT" time="2.945" errors="0">
  <testcase name="testUsingHashMap" time="2.945" classname="TestSample.DifferentWaysPostReq"/>
</testsuite> <!-- TestSample.DifferentWaysPostReq -->
