<?xml version="1.0" encoding="UTF-8"?>
<!-- Generated by org.testng.reporters.JUnitReportReporter -->
<testsuite skipped="0" hostname="DESKTOP-9FOQQA1" name="TestSample.Demo" tests="4" failures="0" timestamp="06 May 2025 16:39:35 GMT" time="9.056" errors="0">
  <testcase name="test1" time="5.779" classname="TestSample.Demo"/>
  <testcase name="createUser" time="1.759" classname="TestSample.Demo"/>
  <testcase name="updateUser" time="0.712" classname="TestSample.Demo"/>
  <testcase name="deleteUser" time="0.806" classname="TestSample.Demo"/>
</testsuite> <!-- TestSample.Demo -->
